<?xml version="1.0" encoding="UTF-8"?>
<testsuite xmlns:xsi="http://www.w3.org/2001/XMLSchema-instance" xsi:noNamespaceSchemaLocation="https://maven.apache.org/surefire/maven-surefire-plugin/xsd/surefire-test-report.xsd" version="3.0.1" name="Runner.TestRunner" time="0.834" tests="8" errors="8" skipped="0" failures="0">
  <properties>
    <property name="java.specification.version" value="23"/>
    <property name="sun.cpu.isalist" value="amd64"/>
    <property name="sun.jnu.encoding" value="Cp1252"/>
    <property name="java.class.path" value="D:\Eclipse\TutorialNinja\target\test-classes;D:\Eclipse\TutorialNinja\target\classes;C:\Users\Vishal Sable\.m2\repository\io\cucumber\cucumber-java\7.20.1\cucumber-java-7.20.1.jar;C:\Users\Vishal Sable\.m2\repository\io\cucumber\cucumber-core\7.20.1\cucumber-core-7.20.1.jar;C:\Users\Vishal Sable\.m2\repository\io\cucumber\cucumber-gherkin\7.20.1\cucumber-gherkin-7.20.1.jar;C:\Users\Vishal Sable\.m2\repository\io\cucumber\cucumber-gherkin-messages\7.20.1\cucumber-gherkin-messages-7.20.1.jar;C:\Users\Vishal Sable\.m2\repository\io\cucumber\gherkin\28.0.0\gherkin-28.0.0.jar;C:\Users\Vishal Sable\.m2\repository\io\cucumber\messages\24.1.0\messages-24.1.0.jar;C:\Users\Vishal Sable\.m2\repository\io\cucumber\testng-xml-formatter\0.2.0\testng-xml-formatter-0.2.0.jar;C:\Users\Vishal Sable\.m2\repository\io\cucumber\query\12.2.0\query-12.2.0.jar;C:\Users\Vishal Sable\.m2\repository\io\cucumber\tag-expressions\6.1.0\tag-expressions-6.1.0.jar;C:\Users\Vishal Sable\.m2\repository\io\cucumber\cucumber-expressions\17.1.0\cucumber-expressions-17.1.0.jar;C:\Users\Vishal Sable\.m2\repository\io\cucumber\datatable\7.20.1\datatable-7.20.1.jar;C:\Users\Vishal Sable\.m2\repository\io\cucumber\cucumber-plugin\7.20.1\cucumber-plugin-7.20.1.jar;C:\Users\Vishal Sable\.m2\repository\io\cucumber\docstring\7.20.1\docstring-7.20.1.jar;C:\Users\Vishal Sable\.m2\repository\io\cucumber\html-formatter\21.7.0\html-formatter-21.7.0.jar;C:\Users\Vishal Sable\.m2\repository\io\cucumber\junit-xml-formatter\0.5.0\junit-xml-formatter-0.5.0.jar;C:\Users\Vishal Sable\.m2\repository\io\cucumber\ci-environment\10.0.1\ci-environment-10.0.1.jar;C:\Users\Vishal Sable\.m2\repository\org\apiguardian\apiguardian-api\1.1.2\apiguardian-api-1.1.2.jar;C:\Users\Vishal Sable\.m2\repository\io\cucumber\cucumber-junit\7.20.1\cucumber-junit-7.20.1.jar;C:\Users\Vishal Sable\.m2\repository\junit\junit\4.13.2\junit-4.13.2.jar;C:\Users\Vishal Sable\.m2\repository\org\hamcrest\hamcrest-core\1.3\hamcrest-core-1.3.jar;"/>
    <property name="java.vm.vendor" value="Eclipse Adoptium"/>
    <property name="sun.arch.data.model" value="64"/>
    <property name="user.variant" value=""/>
    <property name="java.vendor.url" value="https://adoptium.net/"/>
    <property name="user.timezone" value="Asia/Calcutta"/>
    <property name="os.name" value="Windows 10"/>
    <property name="java.vm.specification.version" value="23"/>
    <property name="sun.java.launcher" value="SUN_STANDARD"/>
    <property name="user.country" value="IE"/>
    <property name="sun.boot.library.path" value="C:\Users\Vishal Sable\.p2\pool\plugins\org.eclipse.justj.openjdk.hotspot.jre.full.win32.x86_64_23.0.0.v20240919-1706\jre\bin"/>
    <property name="sun.java.command" value="C:\Users\Vishal Sable\AppData\Local\Temp\surefire17862085494203089592\surefirebooter-20241210225417889_3.jar C:\Users\Vishal Sable\AppData\Local\Temp\surefire17862085494203089592 2024-12-10T22-54-11_340-jvmRun1 surefire-20241210225417889_1tmp surefire_0-20241210225417889_2tmp"/>
    <property name="jdk.debug" value="release"/>
    <property name="surefire.test.class.path" value="D:\Eclipse\TutorialNinja\target\test-classes;D:\Eclipse\TutorialNinja\target\classes;C:\Users\Vishal Sable\.m2\repository\io\cucumber\cucumber-java\7.20.1\cucumber-java-7.20.1.jar;C:\Users\Vishal Sable\.m2\repository\io\cucumber\cucumber-core\7.20.1\cucumber-core-7.20.1.jar;C:\Users\Vishal Sable\.m2\repository\io\cucumber\cucumber-gherkin\7.20.1\cucumber-gherkin-7.20.1.jar;C:\Users\Vishal Sable\.m2\repository\io\cucumber\cucumber-gherkin-messages\7.20.1\cucumber-gherkin-messages-7.20.1.jar;C:\Users\Vishal Sable\.m2\repository\io\cucumber\gherkin\28.0.0\gherkin-28.0.0.jar;C:\Users\Vishal Sable\.m2\repository\io\cucumber\messages\24.1.0\messages-24.1.0.jar;C:\Users\Vishal Sable\.m2\repository\io\cucumber\testng-xml-formatter\0.2.0\testng-xml-formatter-0.2.0.jar;C:\Users\Vishal Sable\.m2\repository\io\cucumber\query\12.2.0\query-12.2.0.jar;C:\Users\Vishal Sable\.m2\repository\io\cucumber\tag-expressions\6.1.0\tag-expressions-6.1.0.jar;C:\Users\Vishal Sable\.m2\repository\io\cucumber\cucumber-expressions\17.1.0\cucumber-expressions-17.1.0.jar;C:\Users\Vishal Sable\.m2\repository\io\cucumber\datatable\7.20.1\datatable-7.20.1.jar;C:\Users\Vishal Sable\.m2\repository\io\cucumber\cucumber-plugin\7.20.1\cucumber-plugin-7.20.1.jar;C:\Users\Vishal Sable\.m2\repository\io\cucumber\docstring\7.20.1\docstring-7.20.1.jar;C:\Users\Vishal Sable\.m2\repository\io\cucumber\html-formatter\21.7.0\html-formatter-21.7.0.jar;C:\Users\Vishal Sable\.m2\repository\io\cucumber\junit-xml-formatter\0.5.0\junit-xml-formatter-0.5.0.jar;C:\Users\Vishal Sable\.m2\repository\io\cucumber\ci-environment\10.0.1\ci-environment-10.0.1.jar;C:\Users\Vishal Sable\.m2\repository\org\apiguardian\apiguardian-api\1.1.2\apiguardian-api-1.1.2.jar;C:\Users\Vishal Sable\.m2\repository\io\cucumber\cucumber-junit\7.20.1\cucumber-junit-7.20.1.jar;C:\Users\Vishal Sable\.m2\repository\junit\junit\4.13.2\junit-4.13.2.jar;C:\Users\Vishal Sable\.m2\repository\org\hamcrest\hamcrest-core\1.3\hamcrest-core-1.3.jar;"/>
    <property name="sun.cpu.endian" value="little"/>
    <property name="user.home" value="C:\Users\Vishal Sable"/>
    <property name="user.language" value="en"/>
    <property name="java.specification.vendor" value="Oracle Corporation"/>
    <property name="java.version.date" value="2024-09-17"/>
    <property name="java.home" value="C:\Users\Vishal Sable\.p2\pool\plugins\org.eclipse.justj.openjdk.hotspot.jre.full.win32.x86_64_23.0.0.v20240919-1706\jre"/>
    <property name="file.separator" value="\"/>
    <property name="basedir" value="D:\Eclipse\TutorialNinja"/>
    <property name="style.color" value="always"/>
    <property name="java.vm.compressedOopsMode" value="32-bit"/>
    <property name="line.separator" value="&#10;"/>
    <property name="java.vm.specification.vendor" value="Oracle Corporation"/>
    <property name="java.specification.name" value="Java Platform API Specification"/>
    <property name="surefire.real.class.path" value="C:\Users\Vishal Sable\AppData\Local\Temp\surefire17862085494203089592\surefirebooter-20241210225417889_3.jar"/>
    <property name="user.script" value=""/>
    <property name="sun.management.compiler" value="HotSpot 64-Bit Tiered Compilers"/>
    <property name="java.runtime.version" value="23+37"/>
    <property name="user.name" value="Vishal Sable"/>
    <property name="stdout.encoding" value="Cp1252"/>
    <property name="path.separator" value=";"/>
    <property name="os.version" value="10.0"/>
    <property name="java.runtime.name" value="OpenJDK Runtime Environment"/>
    <property name="file.encoding" value="UTF-8"/>
    <property name="java.vm.name" value="OpenJDK 64-Bit Server VM"/>
    <property name="java.vendor.version" value="Temurin-23+37"/>
    <property name="localRepository" value="C:\Users\Vishal Sable\.m2\repository"/>
    <property name="java.vendor.url.bug" value="https://github.com/adoptium/adoptium-support/issues"/>
    <property name="java.io.tmpdir" value="C:\Users\VISHAL~1\AppData\Local\Temp\"/>
    <property name="java.version" value="23"/>
    <property name="user.dir" value="D:\Eclipse\TutorialNinja"/>
    <property name="os.arch" value="amd64"/>
    <property name="java.vm.specification.name" value="Java Virtual Machine Specification"/>
    <property name="sun.os.patch.level" value=""/>
    <property name="native.encoding" value="Cp1252"/>
    <property name="java.library.path" value="C:\Users\Vishal Sable\.p2\pool\plugins\org.eclipse.justj.openjdk.hotspot.jre.full.win32.x86_64_23.0.0.v20240919-1706\jre\bin;C:\Windows\Sun\Java\bin;C:\Windows\system32;C:\Windows;C:/Users/Vishal Sable/.p2/pool/plugins/org.eclipse.justj.openjdk.hotspot.jre.full.win32.x86_64_23.0.0.v20240919-1706/jre/bin/server;C:/Users/Vishal Sable/.p2/pool/plugins/org.eclipse.justj.openjdk.hotspot.jre.full.win32.x86_64_23.0.0.v20240919-1706/jre/bin;C:\Program Files\Common Files\Oracle\Java\javapath;C:\Windows\system32;C:\Windows;C:\Windows\System32\Wbem;C:\Windows\System32\WindowsPowerShell\v1.0\;C:\Windows\System32\OpenSSH\;C:\Program Files\Git\cmd;C:\Program Files\Java\jdk-23\bin;C:\Program Files (x86)\Microsoft SQL Server\160\Tools\Binn\;C:\Program Files\Microsoft SQL Server\160\Tools\Binn\;C:\Program Files\Microsoft SQL Server\Client SDK\ODBC\170\Tools\Binn\;C:\Program Files\Microsoft SQL Server\160\DTS\Binn\;C:\Program Files (x86)\Microsoft SQL Server\160\DTS\Binn\;C:\Users\Vishal Sable\AppData\Local\Microsoft\WindowsApps;;C:\Users\Vishal Sable\OneDrive\Desktop;;."/>
    <property name="java.vm.info" value="mixed mode, sharing"/>
    <property name="stderr.encoding" value="Cp1252"/>
    <property name="java.vendor" value="Eclipse Adoptium"/>
    <property name="java.vm.version" value="23+37"/>
    <property name="sun.io.unicode.encoding" value="UnicodeLittle"/>
    <property name="java.class.version" value="67.0"/>
  </properties>
  <testcase name="Login with valid credentials" classname="User Login" time="0.092">
    <error message="The step &apos;User open the application URL navigate to login Page&apos; and 4 other step(s) are undefined.&#10;You can implement these steps using the snippet(s) below:&#10;&#10;@Given(&quot;User open the application URL navigate to login Page&quot;)&#10;public void user_open_the_application_url_navigate_to_login_page() {&#10;    // Write code here that turns the phrase above into concrete actions&#10;    throw new io.cucumber.java.PendingException();&#10;}&#10;@When(&quot;user enters valid Email Address {string}&quot;)&#10;public void user_enters_valid_email_address(String string) {&#10;    // Write code here that turns the phrase above into concrete actions&#10;    throw new io.cucumber.java.PendingException();&#10;}&#10;@When(&quot;user enter the valid password {string}&quot;)&#10;public void user_enter_the_valid_password(String string) {&#10;    // Write code here that turns the phrase above into concrete actions&#10;    throw new io.cucumber.java.PendingException();&#10;}&#10;@When(&quot;click on login button&quot;)&#10;public void click_on_login_button() {&#10;    // Write code here that turns the phrase above into concrete actions&#10;    throw new io.cucumber.java.PendingException();&#10;}&#10;@Then(&quot;user is successfully login&quot;)&#10;public void user_is_successfully_login() {&#10;    // Write code here that turns the phrase above into concrete actions&#10;    throw new io.cucumber.java.PendingException();&#10;}&#10;" type="io.cucumber.junit.UndefinedStepException"><![CDATA[io.cucumber.junit.UndefinedStepException: 
The step 'User open the application URL navigate to login Page' and 4 other step(s) are undefined.
You can implement these steps using the snippet(s) below:

@Given("User open the application URL navigate to login Page")
public void user_open_the_application_url_navigate_to_login_page() {
    // Write code here that turns the phrase above into concrete actions
    throw new io.cucumber.java.PendingException();
}
@When("user enters valid Email Address {string}")
public void user_enters_valid_email_address(String string) {
    // Write code here that turns the phrase above into concrete actions
    throw new io.cucumber.java.PendingException();
}
@When("user enter the valid password {string}")
public void user_enter_the_valid_password(String string) {
    // Write code here that turns the phrase above into concrete actions
    throw new io.cucumber.java.PendingException();
}
@When("click on login button")
public void click_on_login_button() {
    // Write code here that turns the phrase above into concrete actions
    throw new io.cucumber.java.PendingException();
}
@Then("user is successfully login")
public void user_is_successfully_login() {
    // Write code here that turns the phrase above into concrete actions
    throw new io.cucumber.java.PendingException();
}

]]></error>
    <system-out><![CDATA[
@All @Sanity
Scenario: Login with valid credentials                       &amp#27;[90m# src/test/java/features/First.feature:5&amp#27;[0m
  &amp#27;[33mGiven &amp#27;[0m&amp#27;[33mUser open the application URL navigate to login Page&amp#27;[0m
  &amp#27;[36mWhen &amp#27;[0m&amp#27;[36muser enters valid Email Address "om999@gmail.com"&amp#27;[0m
  &amp#27;[36mAnd &amp#27;[0m&amp#27;[36muser enter the valid password "test@123"&amp#27;[0m
  &amp#27;[36mAnd &amp#27;[0m&amp#27;[36mclick on login button&amp#27;[0m
  &amp#27;[36mThen &amp#27;[0m&amp#27;[36muser is successfully login&amp#27;[0m
]]></system-out>
  </testcase>
  <testcase name="Login with invalid credentials" classname="User Login" time="0.004">
    <error message="The step &apos;User open the application URL navigate to login Page&apos; and 4 other step(s) are undefined.&#10;You can implement these steps using the snippet(s) below:&#10;&#10;@Given(&quot;User open the application URL navigate to login Page&quot;)&#10;public void user_open_the_application_url_navigate_to_login_page() {&#10;    // Write code here that turns the phrase above into concrete actions&#10;    throw new io.cucumber.java.PendingException();&#10;}&#10;@When(&quot;user enters invalid Email Address {string}&quot;)&#10;public void user_enters_invalid_email_address(String string) {&#10;    // Write code here that turns the phrase above into concrete actions&#10;    throw new io.cucumber.java.PendingException();&#10;}&#10;@When(&quot;user enter the invalid password {string}&quot;)&#10;public void user_enter_the_invalid_password(String string) {&#10;    // Write code here that turns the phrase above into concrete actions&#10;    throw new io.cucumber.java.PendingException();&#10;}&#10;@When(&quot;click on login button&quot;)&#10;public void click_on_login_button() {&#10;    // Write code here that turns the phrase above into concrete actions&#10;    throw new io.cucumber.java.PendingException();&#10;}&#10;@Then(&quot;user should get proper warning message&quot;)&#10;public void user_should_get_proper_warning_message() {&#10;    // Write code here that turns the phrase above into concrete actions&#10;    throw new io.cucumber.java.PendingException();&#10;}&#10;" type="io.cucumber.junit.UndefinedStepException"><![CDATA[io.cucumber.junit.UndefinedStepException: 
The step 'User open the application URL navigate to login Page' and 4 other step(s) are undefined.
You can implement these steps using the snippet(s) below:

@Given("User open the application URL navigate to login Page")
public void user_open_the_application_url_navigate_to_login_page() {
    // Write code here that turns the phrase above into concrete actions
    throw new io.cucumber.java.PendingException();
}
@When("user enters invalid Email Address {string}")
public void user_enters_invalid_email_address(String string) {
    // Write code here that turns the phrase above into concrete actions
    throw new io.cucumber.java.PendingException();
}
@When("user enter the invalid password {string}")
public void user_enter_the_invalid_password(String string) {
    // Write code here that turns the phrase above into concrete actions
    throw new io.cucumber.java.PendingException();
}
@When("click on login button")
public void click_on_login_button() {
    // Write code here that turns the phrase above into concrete actions
    throw new io.cucumber.java.PendingException();
}
@Then("user should get proper warning message")
public void user_should_get_proper_warning_message() {
    // Write code here that turns the phrase above into concrete actions
    throw new io.cucumber.java.PendingException();
}

]]></error>
    <system-out><![CDATA[
@All
Scenario: Login with invalid credentials                     &amp#27;[90m# src/test/java/features/First.feature:13&amp#27;[0m
  &amp#27;[33mGiven &amp#27;[0m&amp#27;[33mUser open the application URL navigate to login Page&amp#27;[0m
  &amp#27;[36mWhen &amp#27;[0m&amp#27;[36muser enters invalid Email Address "om989@gmail.com"&amp#27;[0m
  &amp#27;[36mAnd &amp#27;[0m&amp#27;[36muser enter the invalid password "test@128"&amp#27;[0m
  &amp#27;[36mAnd &amp#27;[0m&amp#27;[36mclick on login button&amp#27;[0m
  &amp#27;[36mThen &amp#27;[0m&amp#27;[36muser should get proper warning message&amp#27;[0m
]]></system-out>
  </testcase>
  <testcase name="Login with invalid email address" classname="User Login" time="0.011">
    <error message="The step &apos;User open the application URL navigate to login Page&apos; and 4 other step(s) are undefined.&#10;You can implement these steps using the snippet(s) below:&#10;&#10;@Given(&quot;User open the application URL navigate to login Page&quot;)&#10;public void user_open_the_application_url_navigate_to_login_page() {&#10;    // Write code here that turns the phrase above into concrete actions&#10;    throw new io.cucumber.java.PendingException();&#10;}&#10;@When(&quot;user enters invalid Email Address {string}&quot;)&#10;public void user_enters_invalid_email_address(String string) {&#10;    // Write code here that turns the phrase above into concrete actions&#10;    throw new io.cucumber.java.PendingException();&#10;}&#10;@When(&quot;user enter the valid password {string}&quot;)&#10;public void user_enter_the_valid_password(String string) {&#10;    // Write code here that turns the phrase above into concrete actions&#10;    throw new io.cucumber.java.PendingException();&#10;}&#10;@When(&quot;click on login button&quot;)&#10;public void click_on_login_button() {&#10;    // Write code here that turns the phrase above into concrete actions&#10;    throw new io.cucumber.java.PendingException();&#10;}&#10;@Then(&quot;user should get proper warning message&quot;)&#10;public void user_should_get_proper_warning_message() {&#10;    // Write code here that turns the phrase above into concrete actions&#10;    throw new io.cucumber.java.PendingException();&#10;}&#10;" type="io.cucumber.junit.UndefinedStepException"><![CDATA[io.cucumber.junit.UndefinedStepException: 
The step 'User open the application URL navigate to login Page' and 4 other step(s) are undefined.
You can implement these steps using the snippet(s) below:

@Given("User open the application URL navigate to login Page")
public void user_open_the_application_url_navigate_to_login_page() {
    // Write code here that turns the phrase above into concrete actions
    throw new io.cucumber.java.PendingException();
}
@When("user enters invalid Email Address {string}")
public void user_enters_invalid_email_address(String string) {
    // Write code here that turns the phrase above into concrete actions
    throw new io.cucumber.java.PendingException();
}
@When("user enter the valid password {string}")
public void user_enter_the_valid_password(String string) {
    // Write code here that turns the phrase above into concrete actions
    throw new io.cucumber.java.PendingException();
}
@When("click on login button")
public void click_on_login_button() {
    // Write code here that turns the phrase above into concrete actions
    throw new io.cucumber.java.PendingException();
}
@Then("user should get proper warning message")
public void user_should_get_proper_warning_message() {
    // Write code here that turns the phrase above into concrete actions
    throw new io.cucumber.java.PendingException();
}

]]></error>
    <system-out><![CDATA[
@All @Sanity
Scenario: Login with invalid email address                   &amp#27;[90m# src/test/java/features/First.feature:21&amp#27;[0m
  &amp#27;[33mGiven &amp#27;[0m&amp#27;[33mUser open the application URL navigate to login Page&amp#27;[0m
  &amp#27;[36mWhen &amp#27;[0m&amp#27;[36muser enters invalid Email Address "om959@gmail.com"&amp#27;[0m
  &amp#27;[36mAnd &amp#27;[0m&amp#27;[36muser enter the valid password "test@123"&amp#27;[0m
  &amp#27;[36mAnd &amp#27;[0m&amp#27;[36mclick on login button&amp#27;[0m
  &amp#27;[36mThen &amp#27;[0m&amp#27;[36muser should get proper warning message&amp#27;[0m
]]></system-out>
  </testcase>
  <testcase name="Login with invalid password address" classname="User Login" time="0.008">
    <error message="The step &apos;User open the application URL navigate to login Page&apos; and 4 other step(s) are undefined.&#10;You can implement these steps using the snippet(s) below:&#10;&#10;@Given(&quot;User open the application URL navigate to login Page&quot;)&#10;public void user_open_the_application_url_navigate_to_login_page() {&#10;    // Write code here that turns the phrase above into concrete actions&#10;    throw new io.cucumber.java.PendingException();&#10;}&#10;@When(&quot;user enters invalid Email Address {string}&quot;)&#10;public void user_enters_invalid_email_address(String string) {&#10;    // Write code here that turns the phrase above into concrete actions&#10;    throw new io.cucumber.java.PendingException();&#10;}&#10;@When(&quot;user enter the invalid password {string}&quot;)&#10;public void user_enter_the_invalid_password(String string) {&#10;    // Write code here that turns the phrase above into concrete actions&#10;    throw new io.cucumber.java.PendingException();&#10;}&#10;@When(&quot;click on login button&quot;)&#10;public void click_on_login_button() {&#10;    // Write code here that turns the phrase above into concrete actions&#10;    throw new io.cucumber.java.PendingException();&#10;}&#10;@Then(&quot;user should get proper warning message&quot;)&#10;public void user_should_get_proper_warning_message() {&#10;    // Write code here that turns the phrase above into concrete actions&#10;    throw new io.cucumber.java.PendingException();&#10;}&#10;" type="io.cucumber.junit.UndefinedStepException"><![CDATA[io.cucumber.junit.UndefinedStepException: 
The step 'User open the application URL navigate to login Page' and 4 other step(s) are undefined.
You can implement these steps using the snippet(s) below:

@Given("User open the application URL navigate to login Page")
public void user_open_the_application_url_navigate_to_login_page() {
    // Write code here that turns the phrase above into concrete actions
    throw new io.cucumber.java.PendingException();
}
@When("user enters invalid Email Address {string}")
public void user_enters_invalid_email_address(String string) {
    // Write code here that turns the phrase above into concrete actions
    throw new io.cucumber.java.PendingException();
}
@When("user enter the invalid password {string}")
public void user_enter_the_invalid_password(String string) {
    // Write code here that turns the phrase above into concrete actions
    throw new io.cucumber.java.PendingException();
}
@When("click on login button")
public void click_on_login_button() {
    // Write code here that turns the phrase above into concrete actions
    throw new io.cucumber.java.PendingException();
}
@Then("user should get proper warning message")
public void user_should_get_proper_warning_message() {
    // Write code here that turns the phrase above into concrete actions
    throw new io.cucumber.java.PendingException();
}

]]></error>
    <system-out><![CDATA[
@All
Scenario: Login with invalid password address                &amp#27;[90m# src/test/java/features/First.feature:29&amp#27;[0m
  &amp#27;[33mGiven &amp#27;[0m&amp#27;[33mUser open the application URL navigate to login Page&amp#27;[0m
  &amp#27;[36mWhen &amp#27;[0m&amp#27;[36muser enters invalid Email Address "om959@gmail.com"&amp#27;[0m
  &amp#27;[36mAnd &amp#27;[0m&amp#27;[36muser enter the invalid password "test@12"&amp#27;[0m
  &amp#27;[36mAnd &amp#27;[0m&amp#27;[36mclick on login button&amp#27;[0m
  &amp#27;[36mThen &amp#27;[0m&amp#27;[36muser should get proper warning message&amp#27;[0m
]]></system-out>
  </testcase>
  <testcase name="Register with mandatory fields." classname="To test the user register functionality of ninja website" time="0.016">
    <error message="The step &apos;User open the application and navigate to resiter page&apos; and 10 other step(s) are undefined.&#10;You can implement these steps using the snippet(s) below:&#10;&#10;@Given(&quot;User open the application and navigate to resiter page&quot;)&#10;public void user_open_the_application_and_navigate_to_resiter_page() {&#10;    // Write code here that turns the phrase above into concrete actions&#10;    throw new io.cucumber.java.PendingException();&#10;}&#10;@When(&quot;user click on register button&quot;)&#10;public void user_click_on_register_button() {&#10;    // Write code here that turns the phrase above into concrete actions&#10;    throw new io.cucumber.java.PendingException();&#10;}&#10;@When(&quot;enter the first name {string}&quot;)&#10;public void enter_the_first_name(String string) {&#10;    // Write code here that turns the phrase above into concrete actions&#10;    throw new io.cucumber.java.PendingException();&#10;}&#10;@When(&quot;Last name {string}&quot;)&#10;public void last_name(String string) {&#10;    // Write code here that turns the phrase above into concrete actions&#10;    throw new io.cucumber.java.PendingException();&#10;}&#10;@When(&quot;telephone number {string}&quot;)&#10;public void telephone_number(String string) {&#10;    // Write code here that turns the phrase above into concrete actions&#10;    throw new io.cucumber.java.PendingException();&#10;}&#10;@When(&quot;Email address {string}&quot;)&#10;public void email_address(String string) {&#10;    // Write code here that turns the phrase above into concrete actions&#10;    throw new io.cucumber.java.PendingException();&#10;}&#10;@When(&quot;enter the password {string}&quot;)&#10;public void enter_the_password(String string) {&#10;    // Write code here that turns the phrase above into concrete actions&#10;    throw new io.cucumber.java.PendingException();&#10;}&#10;@When(&quot;enter the confirmed password {string}&quot;)&#10;public void enter_the_confirmed_password(String string) {&#10;    // Write code here that turns the phrase above into concrete actions&#10;    throw new io.cucumber.java.PendingException();&#10;}&#10;@When(&quot;click on check box to confirm the above details&quot;)&#10;public void click_on_check_box_to_confirm_the_above_details() {&#10;    // Write code here that turns the phrase above into concrete actions&#10;    throw new io.cucumber.java.PendingException();&#10;}&#10;@When(&quot;click on submit button&quot;)&#10;public void click_on_submit_button() {&#10;    // Write code here that turns the phrase above into concrete actions&#10;    throw new io.cucumber.java.PendingException();&#10;}&#10;@Then(&quot;system should register the member and account created successfully.&quot;)&#10;public void system_should_register_the_member_and_account_created_successfully() {&#10;    // Write code here that turns the phrase above into concrete actions&#10;    throw new io.cucumber.java.PendingException();&#10;}&#10;" type="io.cucumber.junit.UndefinedStepException"><![CDATA[io.cucumber.junit.UndefinedStepException: 
The step 'User open the application and navigate to resiter page' and 10 other step(s) are undefined.
You can implement these steps using the snippet(s) below:

@Given("User open the application and navigate to resiter page")
public void user_open_the_application_and_navigate_to_resiter_page() {
    // Write code here that turns the phrase above into concrete actions
    throw new io.cucumber.java.PendingException();
}
@When("user click on register button")
public void user_click_on_register_button() {
    // Write code here that turns the phrase above into concrete actions
    throw new io.cucumber.java.PendingException();
}
@When("enter the first name {string}")
public void enter_the_first_name(String string) {
    // Write code here that turns the phrase above into concrete actions
    throw new io.cucumber.java.PendingException();
}
@When("Last name {string}")
public void last_name(String string) {
    // Write code here that turns the phrase above into concrete actions
    throw new io.cucumber.java.PendingException();
}
@When("telephone number {string}")
public void telephone_number(String string) {
    // Write code here that turns the phrase above into concrete actions
    throw new io.cucumber.java.PendingException();
}
@When("Email address {string}")
public void email_address(String string) {
    // Write code here that turns the phrase above into concrete actions
    throw new io.cucumber.java.PendingException();
}
@When("enter the password {string}")
public void enter_the_password(String string) {
    // Write code here that turns the phrase above into concrete actions
    throw new io.cucumber.java.PendingException();
}
@When("enter the confirmed password {string}")
public void enter_the_confirmed_password(String string) {
    // Write code here that turns the phrase above into concrete actions
    throw new io.cucumber.java.PendingException();
}
@When("click on check box to confirm the above details")
public void click_on_check_box_to_confirm_the_above_details() {
    // Write code here that turns the phrase above into concrete actions
    throw new io.cucumber.java.PendingException();
}
@When("click on submit button")
public void click_on_submit_button() {
    // Write code here that turns the phrase above into concrete actions
    throw new io.cucumber.java.PendingException();
}
@Then("system should register the member and account created successfully.")
public void system_should_register_the_member_and_account_created_successfully() {
    // Write code here that turns the phrase above into concrete actions
    throw new io.cucumber.java.PendingException();
}

]]></error>
    <system-out><![CDATA[
@All
Scenario: Register with mandatory fields.                                  &amp#27;[90m# src/test/java/features/register.feature:4&amp#27;[0m
  &amp#27;[33mGiven &amp#27;[0m&amp#27;[33mUser open the application and navigate to resiter page&amp#27;[0m
  &amp#27;[36mWhen &amp#27;[0m&amp#27;[36muser click on register button&amp#27;[0m
  &amp#27;[36mAnd &amp#27;[0m&amp#27;[36menter the first name "om"&amp#27;[0m
  &amp#27;[36mAnd &amp#27;[0m&amp#27;[36mLast name "Kangane"&amp#27;[0m
  &amp#27;[36mAnd &amp#27;[0m&amp#27;[36mtelephone number "7845129654"&amp#27;[0m
  &amp#27;[36mAnd &amp#27;[0m&amp#27;[36mEmail address "abc@gmail.com"&amp#27;[0m
  &amp#27;[36mAnd &amp#27;[0m&amp#27;[36menter the password "test@123"&amp#27;[0m
  &amp#27;[36mAnd &amp#27;[0m&amp#27;[36menter the confirmed password "test@123"&amp#27;[0m
  &amp#27;[36mAnd &amp#27;[0m&amp#27;[36mclick on check box to confirm the above details&amp#27;[0m
  &amp#27;[36mAnd &amp#27;[0m&amp#27;[36mclick on submit button&amp#27;[0m
  &amp#27;[36mThen &amp#27;[0m&amp#27;[36msystem should register the member and account created successfully.&amp#27;[0m
]]></system-out>
  </testcase>
  <testcase name="Register with duplicate  email address ." classname="To test the user register functionality of ninja website" time="0.019">
    <error message="The step &apos;User open the application and navigate to resiter page&apos; and 10 other step(s) are undefined.&#10;You can implement these steps using the snippet(s) below:&#10;&#10;@Given(&quot;User open the application and navigate to resiter page&quot;)&#10;public void user_open_the_application_and_navigate_to_resiter_page() {&#10;    // Write code here that turns the phrase above into concrete actions&#10;    throw new io.cucumber.java.PendingException();&#10;}&#10;@When(&quot;user click on register button&quot;)&#10;public void user_click_on_register_button() {&#10;    // Write code here that turns the phrase above into concrete actions&#10;    throw new io.cucumber.java.PendingException();&#10;}&#10;@When(&quot;enter the first name {string}&quot;)&#10;public void enter_the_first_name(String string) {&#10;    // Write code here that turns the phrase above into concrete actions&#10;    throw new io.cucumber.java.PendingException();&#10;}&#10;@When(&quot;Last name {string}&quot;)&#10;public void last_name(String string) {&#10;    // Write code here that turns the phrase above into concrete actions&#10;    throw new io.cucumber.java.PendingException();&#10;}&#10;@When(&quot;telephone number {string}&quot;)&#10;public void telephone_number(String string) {&#10;    // Write code here that turns the phrase above into concrete actions&#10;    throw new io.cucumber.java.PendingException();&#10;}&#10;@When(&quot;Email address {string}&quot;)&#10;public void email_address(String string) {&#10;    // Write code here that turns the phrase above into concrete actions&#10;    throw new io.cucumber.java.PendingException();&#10;}&#10;@When(&quot;enter the password {string}&quot;)&#10;public void enter_the_password(String string) {&#10;    // Write code here that turns the phrase above into concrete actions&#10;    throw new io.cucumber.java.PendingException();&#10;}&#10;@When(&quot;enter the confirmed password {string}&quot;)&#10;public void enter_the_confirmed_password(String string) {&#10;    // Write code here that turns the phrase above into concrete actions&#10;    throw new io.cucumber.java.PendingException();&#10;}&#10;@When(&quot;click on check box to confirm the above details&quot;)&#10;public void click_on_check_box_to_confirm_the_above_details() {&#10;    // Write code here that turns the phrase above into concrete actions&#10;    throw new io.cucumber.java.PendingException();&#10;}&#10;@When(&quot;click on submit button&quot;)&#10;public void click_on_submit_button() {&#10;    // Write code here that turns the phrase above into concrete actions&#10;    throw new io.cucumber.java.PendingException();&#10;}&#10;@Then(&quot;system should display duplicate email address waring message.&quot;)&#10;public void system_should_display_duplicate_email_address_waring_message() {&#10;    // Write code here that turns the phrase above into concrete actions&#10;    throw new io.cucumber.java.PendingException();&#10;}&#10;" type="io.cucumber.junit.UndefinedStepException"><![CDATA[io.cucumber.junit.UndefinedStepException: 
The step 'User open the application and navigate to resiter page' and 10 other step(s) are undefined.
You can implement these steps using the snippet(s) below:

@Given("User open the application and navigate to resiter page")
public void user_open_the_application_and_navigate_to_resiter_page() {
    // Write code here that turns the phrase above into concrete actions
    throw new io.cucumber.java.PendingException();
}
@When("user click on register button")
public void user_click_on_register_button() {
    // Write code here that turns the phrase above into concrete actions
    throw new io.cucumber.java.PendingException();
}
@When("enter the first name {string}")
public void enter_the_first_name(String string) {
    // Write code here that turns the phrase above into concrete actions
    throw new io.cucumber.java.PendingException();
}
@When("Last name {string}")
public void last_name(String string) {
    // Write code here that turns the phrase above into concrete actions
    throw new io.cucumber.java.PendingException();
}
@When("telephone number {string}")
public void telephone_number(String string) {
    // Write code here that turns the phrase above into concrete actions
    throw new io.cucumber.java.PendingException();
}
@When("Email address {string}")
public void email_address(String string) {
    // Write code here that turns the phrase above into concrete actions
    throw new io.cucumber.java.PendingException();
}
@When("enter the password {string}")
public void enter_the_password(String string) {
    // Write code here that turns the phrase above into concrete actions
    throw new io.cucumber.java.PendingException();
}
@When("enter the confirmed password {string}")
public void enter_the_confirmed_password(String string) {
    // Write code here that turns the phrase above into concrete actions
    throw new io.cucumber.java.PendingException();
}
@When("click on check box to confirm the above details")
public void click_on_check_box_to_confirm_the_above_details() {
    // Write code here that turns the phrase above into concrete actions
    throw new io.cucumber.java.PendingException();
}
@When("click on submit button")
public void click_on_submit_button() {
    // Write code here that turns the phrase above into concrete actions
    throw new io.cucumber.java.PendingException();
}
@Then("system should display duplicate email address waring message.")
public void system_should_display_duplicate_email_address_waring_message() {
    // Write code here that turns the phrase above into concrete actions
    throw new io.cucumber.java.PendingException();
}

]]></error>
    <system-out><![CDATA[
@All @Sanity
Scenario: Register with duplicate  email address .                   &amp#27;[90m# src/test/java/features/register.feature:18&amp#27;[0m
  &amp#27;[33mGiven &amp#27;[0m&amp#27;[33mUser open the application and navigate to resiter page&amp#27;[0m
  &amp#27;[36mWhen &amp#27;[0m&amp#27;[36muser click on register button&amp#27;[0m
  &amp#27;[36mAnd &amp#27;[0m&amp#27;[36menter the first name "om"&amp#27;[0m
  &amp#27;[36mAnd &amp#27;[0m&amp#27;[36mLast name "Kangane"&amp#27;[0m
  &amp#27;[36mAnd &amp#27;[0m&amp#27;[36mtelephone number "7845129654"&amp#27;[0m
  &amp#27;[36mAnd &amp#27;[0m&amp#27;[36mEmail address "abc@gmail.test"&amp#27;[0m
  &amp#27;[36mAnd &amp#27;[0m&amp#27;[36menter the password "test@123"&amp#27;[0m
  &amp#27;[36mAnd &amp#27;[0m&amp#27;[36menter the confirmed password "test@123"&amp#27;[0m
  &amp#27;[36mAnd &amp#27;[0m&amp#27;[36mclick on check box to confirm the above details&amp#27;[0m
  &amp#27;[36mAnd &amp#27;[0m&amp#27;[36mclick on submit button&amp#27;[0m
  &amp#27;[36mThen &amp#27;[0m&amp#27;[36msystem should display duplicate email address waring message.&amp#27;[0m
]]></system-out>
  </testcase>
  <testcase name="Register with all fields." classname="To test the user register functionality of ninja website" time="0.02">
    <error message="The step &apos;User open the application and navigate to resiter page&apos; and 11 other step(s) are undefined.&#10;You can implement these steps using the snippet(s) below:&#10;&#10;@Given(&quot;User open the application and navigate to resiter page&quot;)&#10;public void user_open_the_application_and_navigate_to_resiter_page() {&#10;    // Write code here that turns the phrase above into concrete actions&#10;    throw new io.cucumber.java.PendingException();&#10;}&#10;@When(&quot;user click on register button&quot;)&#10;public void user_click_on_register_button() {&#10;    // Write code here that turns the phrase above into concrete actions&#10;    throw new io.cucumber.java.PendingException();&#10;}&#10;@When(&quot;enter the first name {string}&quot;)&#10;public void enter_the_first_name(String string) {&#10;    // Write code here that turns the phrase above into concrete actions&#10;    throw new io.cucumber.java.PendingException();&#10;}&#10;@When(&quot;Last name {string}&quot;)&#10;public void last_name(String string) {&#10;    // Write code here that turns the phrase above into concrete actions&#10;    throw new io.cucumber.java.PendingException();&#10;}&#10;@When(&quot;telephone number {string}&quot;)&#10;public void telephone_number(String string) {&#10;    // Write code here that turns the phrase above into concrete actions&#10;    throw new io.cucumber.java.PendingException();&#10;}&#10;@When(&quot;Email address {string}&quot;)&#10;public void email_address(String string) {&#10;    // Write code here that turns the phrase above into concrete actions&#10;    throw new io.cucumber.java.PendingException();&#10;}&#10;@When(&quot;enter the password {string}&quot;)&#10;public void enter_the_password(String string) {&#10;    // Write code here that turns the phrase above into concrete actions&#10;    throw new io.cucumber.java.PendingException();&#10;}&#10;@When(&quot;enter the confirmed password {string}&quot;)&#10;public void enter_the_confirmed_password(String string) {&#10;    // Write code here that turns the phrase above into concrete actions&#10;    throw new io.cucumber.java.PendingException();&#10;}&#10;@When(&quot;user click on Yes in newsletter&quot;)&#10;public void user_click_on_yes_in_newsletter() {&#10;    // Write code here that turns the phrase above into concrete actions&#10;    throw new io.cucumber.java.PendingException();&#10;}&#10;@When(&quot;click on check box to confirm the above details&quot;)&#10;public void click_on_check_box_to_confirm_the_above_details() {&#10;    // Write code here that turns the phrase above into concrete actions&#10;    throw new io.cucumber.java.PendingException();&#10;}&#10;@When(&quot;click on submit button&quot;)&#10;public void click_on_submit_button() {&#10;    // Write code here that turns the phrase above into concrete actions&#10;    throw new io.cucumber.java.PendingException();&#10;}&#10;@Then(&quot;system should register the member.&quot;)&#10;public void system_should_register_the_member() {&#10;    // Write code here that turns the phrase above into concrete actions&#10;    throw new io.cucumber.java.PendingException();&#10;}&#10;" type="io.cucumber.junit.UndefinedStepException"><![CDATA[io.cucumber.junit.UndefinedStepException: 
The step 'User open the application and navigate to resiter page' and 11 other step(s) are undefined.
You can implement these steps using the snippet(s) below:

@Given("User open the application and navigate to resiter page")
public void user_open_the_application_and_navigate_to_resiter_page() {
    // Write code here that turns the phrase above into concrete actions
    throw new io.cucumber.java.PendingException();
}
@When("user click on register button")
public void user_click_on_register_button() {
    // Write code here that turns the phrase above into concrete actions
    throw new io.cucumber.java.PendingException();
}
@When("enter the first name {string}")
public void enter_the_first_name(String string) {
    // Write code here that turns the phrase above into concrete actions
    throw new io.cucumber.java.PendingException();
}
@When("Last name {string}")
public void last_name(String string) {
    // Write code here that turns the phrase above into concrete actions
    throw new io.cucumber.java.PendingException();
}
@When("telephone number {string}")
public void telephone_number(String string) {
    // Write code here that turns the phrase above into concrete actions
    throw new io.cucumber.java.PendingException();
}
@When("Email address {string}")
public void email_address(String string) {
    // Write code here that turns the phrase above into concrete actions
    throw new io.cucumber.java.PendingException();
}
@When("enter the password {string}")
public void enter_the_password(String string) {
    // Write code here that turns the phrase above into concrete actions
    throw new io.cucumber.java.PendingException();
}
@When("enter the confirmed password {string}")
public void enter_the_confirmed_password(String string) {
    // Write code here that turns the phrase above into concrete actions
    throw new io.cucumber.java.PendingException();
}
@When("user click on Yes in newsletter")
public void user_click_on_yes_in_newsletter() {
    // Write code here that turns the phrase above into concrete actions
    throw new io.cucumber.java.PendingException();
}
@When("click on check box to confirm the above details")
public void click_on_check_box_to_confirm_the_above_details() {
    // Write code here that turns the phrase above into concrete actions
    throw new io.cucumber.java.PendingException();
}
@When("click on submit button")
public void click_on_submit_button() {
    // Write code here that turns the phrase above into concrete actions
    throw new io.cucumber.java.PendingException();
}
@Then("system should register the member.")
public void system_should_register_the_member() {
    // Write code here that turns the phrase above into concrete actions
    throw new io.cucumber.java.PendingException();
}

]]></error>
    <system-out><![CDATA[
@All
Scenario: Register with all fields.                            &amp#27;[90m# src/test/java/features/register.feature:32&amp#27;[0m
  &amp#27;[33mGiven &amp#27;[0m&amp#27;[33mUser open the application and navigate to resiter page&amp#27;[0m
  &amp#27;[36mWhen &amp#27;[0m&amp#27;[36muser click on register button&amp#27;[0m
  &amp#27;[36mAnd &amp#27;[0m&amp#27;[36menter the first name "om"&amp#27;[0m
  &amp#27;[36mAnd &amp#27;[0m&amp#27;[36mLast name "Kangane"&amp#27;[0m
  &amp#27;[36mAnd &amp#27;[0m&amp#27;[36mtelephone number "7845129654"&amp#27;[0m
  &amp#27;[36mAnd &amp#27;[0m&amp#27;[36mEmail address "abc@gmail.com"&amp#27;[0m
  &amp#27;[36mAnd &amp#27;[0m&amp#27;[36menter the password "test@123"&amp#27;[0m
  &amp#27;[36mAnd &amp#27;[0m&amp#27;[36menter the confirmed password "test@123"&amp#27;[0m
  &amp#27;[36mAnd &amp#27;[0m&amp#27;[36muser click on Yes in newsletter&amp#27;[0m
  &amp#27;[36mAnd &amp#27;[0m&amp#27;[36mclick on check box to confirm the above details&amp#27;[0m
  &amp#27;[36mAnd &amp#27;[0m&amp#27;[36mclick on submit button&amp#27;[0m
  &amp#27;[36mThen &amp#27;[0m&amp#27;[36msystem should register the member.&amp#27;[0m
]]></system-out>
  </testcase>
  <testcase name="Register without providing any fields." classname="To test the user register functionality of ninja website" time="0.006">
    <error message="The step &apos;User open the application and navigate to resiter page&apos; and 3 other step(s) are undefined.&#10;You can implement these steps using the snippet(s) below:&#10;&#10;@Given(&quot;User open the application and navigate to resiter page&quot;)&#10;public void user_open_the_application_and_navigate_to_resiter_page() {&#10;    // Write code here that turns the phrase above into concrete actions&#10;    throw new io.cucumber.java.PendingException();&#10;}&#10;@When(&quot;user don&apos;t enter any deatils in any field&quot;)&#10;public void user_don_t_enter_any_deatils_in_any_field() {&#10;    // Write code here that turns the phrase above into concrete actions&#10;    throw new io.cucumber.java.PendingException();&#10;}&#10;@When(&quot;click on submit button&quot;)&#10;public void click_on_submit_button() {&#10;    // Write code here that turns the phrase above into concrete actions&#10;    throw new io.cucumber.java.PendingException();&#10;}&#10;@Then(&quot;warning message should be displayed.&quot;)&#10;public void warning_message_should_be_displayed() {&#10;    // Write code here that turns the phrase above into concrete actions&#10;    throw new io.cucumber.java.PendingException();&#10;}&#10;" type="io.cucumber.junit.UndefinedStepException"><![CDATA[io.cucumber.junit.UndefinedStepException: 
The step 'User open the application and navigate to resiter page' and 3 other step(s) are undefined.
You can implement these steps using the snippet(s) below:

@Given("User open the application and navigate to resiter page")
public void user_open_the_application_and_navigate_to_resiter_page() {
    // Write code here that turns the phrase above into concrete actions
    throw new io.cucumber.java.PendingException();
}
@When("user don't enter any deatils in any field")
public void user_don_t_enter_any_deatils_in_any_field() {
    // Write code here that turns the phrase above into concrete actions
    throw new io.cucumber.java.PendingException();
}
@When("click on submit button")
public void click_on_submit_button() {
    // Write code here that turns the phrase above into concrete actions
    throw new io.cucumber.java.PendingException();
}
@Then("warning message should be displayed.")
public void warning_message_should_be_displayed() {
    // Write code here that turns the phrase above into concrete actions
    throw new io.cucumber.java.PendingException();
}

]]></error>
    <system-out><![CDATA[
@All
Scenario: Register without providing any fields.               &amp#27;[90m# src/test/java/features/register.feature:47&amp#27;[0m
  &amp#27;[33mGiven &amp#27;[0m&amp#27;[33mUser open the application and navigate to resiter page&amp#27;[0m
  &amp#27;[36mWhen &amp#27;[0m&amp#27;[36muser don't enter any deatils in any field&amp#27;[0m
  &amp#27;[36mAnd &amp#27;[0m&amp#27;[36mclick on submit button&amp#27;[0m
  &amp#27;[36mThen &amp#27;[0m&amp#27;[36mwarning message should be displayed.&amp#27;[0m
]]></system-out>
  </testcase>
</testsuite>